c:\users\a0309\desktop\gui_viewer\debug\vc120.pdb
c:\users\a0309\desktop\gui_viewer\debug\vc120.idb
c:\users\a0309\desktop\gui_viewer\debug\common.obj
c:\users\a0309\desktop\gui_viewer\debug\dumpscreen.obj
c:\users\a0309\desktop\gui_viewer\debug\glui_build.obj
c:\users\a0309\desktop\gui_viewer\debug\glui_draw.obj
c:\users\a0309\desktop\gui_viewer\debug\glui_key.obj
c:\users\a0309\desktop\gui_viewer\debug\glui_mouse.obj
c:\users\a0309\desktop\gui_viewer\debug\glui_template.obj
c:\users\a0309\desktop\gui_viewer\debug\grid.obj
c:\users\a0309\desktop\gui_viewer\debug\lines.obj
c:\users\a0309\desktop\gui_viewer\debug\pnm.obj
c:\users\a0309\desktop\gui_viewer\bin\glui_template.ilk
c:\users\a0309\desktop\gui_viewer\bin\glui_template.exe
c:\users\a0309\desktop\gui_viewer\bin\glui_template.pdb
c:\users\a0309\desktop\gui_viewer\bin\distorted.obj
c:\users\a0309\desktop\gui_viewer\.\bin\glui_template.exe
c:\users\a0309\desktop\gui_viewer\bin\glui_template.tlog\cl.command.1.tlog
c:\users\a0309\desktop\gui_viewer\bin\glui_template.tlog\cl.read.1.tlog
c:\users\a0309\desktop\gui_viewer\bin\glui_template.tlog\cl.write.1.tlog
c:\users\a0309\desktop\gui_viewer\bin\glui_template.tlog\link.command.1.tlog
c:\users\a0309\desktop\gui_viewer\bin\glui_template.tlog\link.read.1.tlog
c:\users\a0309\desktop\gui_viewer\bin\glui_template.tlog\link.write.1.tlog
